<?xml version="1.0" encoding="UTF-8"?>
<testng-results skipped="0" failed="0" ignored="0" total="2" passed="2">
  <reporter-output>
  </reporter-output>
  <suite name="Suite HRM" duration-ms="7608" started-at="2020-06-02T15:34:20 BST" finished-at="2020-06-02T15:34:27 BST">
    <groups>
    </groups>
    <test name="Pending Leave Request test case" duration-ms="5580" started-at="2020-06-02T15:34:20 BST" finished-at="2020-06-02T15:34:25 BST">
      <class name="test_cases.Test_PendingLeaveRequest">
        <test-method status="PASS" signature="verifyPendingLeaveRequests()[pri:0, instance:test_cases.Test_PendingLeaveRequest@68bbe345]" name="verifyPendingLeaveRequests" duration-ms="5551" started-at="2020-06-02T15:34:20 BST" finished-at="2020-06-02T15:34:25 BST">
          <reporter-output>
          </reporter-output>
        </test-method> <!-- verifyPendingLeaveRequests -->
      </class> <!-- test_cases.Test_PendingLeaveRequest -->
    </test> <!-- Pending Leave Request test case -->
    <test name="Search User test case" duration-ms="1830" started-at="2020-06-02T15:34:25 BST" finished-at="2020-06-02T15:34:27 BST">
      <class name="test_cases.Test_SearchSystemUsers">
        <test-method status="PASS" signature="OpenBrowser()[pri:0, instance:test_cases.Test_SearchSystemUsers@1e965684]" name="OpenBrowser" is-config="true" duration-ms="3374" started-at="2020-06-02T15:34:16 BST" finished-at="2020-06-02T15:34:20 BST">
          <reporter-output>
          </reporter-output>
        </test-method> <!-- OpenBrowser -->
        <test-method status="PASS" signature="TestUserRole()[pri:0, instance:test_cases.Test_SearchSystemUsers@1e965684]" name="TestUserRole" duration-ms="1826" started-at="2020-06-02T15:34:26 BST" finished-at="2020-06-02T15:34:27 BST">
          <reporter-output>
          </reporter-output>
        </test-method> <!-- TestUserRole -->
        <test-method status="PASS" signature="tearDown()[pri:0, instance:test_cases.Test_SearchSystemUsers@1e965684]" name="tearDown" is-config="true" duration-ms="121" started-at="2020-06-02T15:34:27 BST" finished-at="2020-06-02T15:34:27 BST">
          <reporter-output>
          </reporter-output>
        </test-method> <!-- tearDown -->
      </class> <!-- test_cases.Test_SearchSystemUsers -->
    </test> <!-- Search User test case -->
  </suite> <!-- Suite HRM -->
</testng-results>
